Build started 18/06/2015 5:14:41 PM.
     1>Project "C:\Users\rsmith2\Documents\GitHub\MDU118-Week3\MDU118 Week 3\MDU118 Week 3\MDU118 Week 3.vcxproj" on node 2 (Build target(s)).
     1>ClCompile:
         C:\Program Files (x86)\Microsoft Visual Studio 12.0\VC\bin\CL.exe /c /ZI /nologo /W3 /WX- /sdl /Od /Oy- /D WIN32 /D _DEBUG /D _CONSOLE /D _LIB /D _UNICODE /D UNICODE /Gm /EHsc /RTC1 /MDd /GS /fp:precise /Zc:wchar_t /Zc:forScope /Yc"stdafx.h" /Fp"Debug\MDU118 Week 3.pch" /Fo"Debug\\" /Fd"Debug\vc120.pdb" /Gd /TP /analyze- /errorReport:prompt stdafx.cpp
         stdafx.cpp
         C:\Program Files (x86)\Microsoft Visual Studio 12.0\VC\bin\CL.exe /c /ZI /nologo /W3 /WX- /sdl /Od /Oy- /D WIN32 /D _DEBUG /D _CONSOLE /D _LIB /D _UNICODE /D UNICODE /Gm /EHsc /RTC1 /MDd /GS /fp:precise /Zc:wchar_t /Zc:forScope /Yu"stdafx.h" /Fp"Debug\MDU118 Week 3.pch" /Fo"Debug\\" /Fd"Debug\vc120.pdb" /Gd /TP /analyze- /errorReport:prompt Box.cpp Circle.cpp "MDU118 Week 3.cpp" Shape.cpp Vector2.cpp
         Vector2.cpp
         Shape.cpp
         MDU118 Week 3.cpp
     1>c:\users\rsmith2\documents\github\mdu118-week3\mdu118 week 3\mdu118 week 3\mdu118 week 3.cpp(4): warning C4627: '#include <string>': skipped when looking for precompiled header use
                 Add directive to 'stdafx.h' or rebuild precompiled header
     1>c:\users\rsmith2\documents\github\mdu118-week3\mdu118 week 3\mdu118 week 3\mdu118 week 3.cpp(5): warning C4627: '#include <iostream>': skipped when looking for precompiled header use
                 Add directive to 'stdafx.h' or rebuild precompiled header
         Circle.cpp
         Box.cpp
         Generating Code...
       Link:
         C:\Program Files (x86)\Microsoft Visual Studio 12.0\VC\bin\link.exe /ERRORREPORT:PROMPT /OUT:"C:\Users\rsmith2\Documents\GitHub\MDU118-Week3\MDU118 Week 3\Debug\MDU118 Week 3.exe" /INCREMENTAL /NOLOGO kernel32.lib user32.lib gdi32.lib winspool.lib comdlg32.lib advapi32.lib shell32.lib ole32.lib oleaut32.lib uuid.lib odbc32.lib odbccp32.lib /MANIFEST /MANIFESTUAC:"level='asInvoker' uiAccess='false'" /manifest:embed /DEBUG /PDB:"C:\Users\rsmith2\Documents\GitHub\MDU118-Week3\MDU118 Week 3\Debug\MDU118 Week 3.pdb" /SUBSYSTEM:CONSOLE /TLBID:1 /DYNAMICBASE /NXCOMPAT /IMPLIB:"C:\Users\rsmith2\Documents\GitHub\MDU118-Week3\MDU118 Week 3\Debug\MDU118 Week 3.lib" /MACHINE:X86 Debug\Box.obj
         Debug\Circle.obj
         "Debug\MDU118 Week 3.obj"
         Debug\Shape.obj
         Debug\stdafx.obj
         Debug\Vector2.obj
         MDU118 Week 3.vcxproj -> C:\Users\rsmith2\Documents\GitHub\MDU118-Week3\MDU118 Week 3\Debug\MDU118 Week 3.exe
     1>Done Building Project "C:\Users\rsmith2\Documents\GitHub\MDU118-Week3\MDU118 Week 3\MDU118 Week 3\MDU118 Week 3.vcxproj" (Build target(s)).

Build succeeded.

Time Elapsed 00:00:03.67
